Config Manager running on http://localhost:9999
stdout: 
stderr: Stopping frontend-app        ... 
Stopping purchasing-service  ... 
Stopping master-data-service ... 
Stopping purchasing_db       ... 
Stopping frontend-app        ... done
Stopping purchasing-service  ... done
Stopping master-data-service ... done
Stopping purchasing_db       ... done
Removing frontend-app        ... 
Removing purchasing-service  ... 
Removing master-data-service ... 
Removing purchasing_db       ... 
Removing purchasing_db       ... done
Removing purchasing-service  ... done
Removing master-data-service ... done
Removing frontend-app        ... done
Removing network purchasing-app_purchasing_network
Creating network "purchasing-app_purchasing_network" with driver "bridge"
Creating purchasing_db ... 
Creating purchasing_db ... done
Creating master-data-service ... 
Creating purchasing-service  ... 
Creating master-data-service ... done
Creating purchasing-service  ... done
Creating frontend-app        ... 
Creating frontend-app        ... done

stdout: 
stderr: Stopping frontend-app        ... 
Stopping purchasing-service  ... 
Stopping master-data-service ... 
Stopping purchasing_db       ... 
Stopping frontend-app        ... done
Stopping master-data-service ... done
Stopping purchasing-service  ... done
Stopping purchasing_db       ... done
Removing frontend-app        ... 
Removing purchasing-service  ... 
Removing master-data-service ... 
Removing purchasing_db       ... 
Removing purchasing_db       ... done
Removing master-data-service ... done
Removing purchasing-service  ... done
Removing frontend-app        ... done
Removing network purchasing-app_purchasing_network
Creating network "purchasing-app_purchasing_network" with driver "bridge"
Creating purchasing_db ... 
Creating purchasing_db ... done
Creating purchasing-service ... 
Creating master-data-service ... 
Creating master-data-service ... done
Creating purchasing-service  ... done
Creating frontend-app        ... 
Creating frontend-app        ... done

